Analysis & Synthesis report for HW2
Sat May 06 02:04:01 2023
Quartus II 64-Bit Version 13.1.0 Build 162 10/23/2013 SJ Web Edition


---------------------
; Table of Contents ;
---------------------
  1. Legal Notice
  2. Analysis & Synthesis Summary
  3. Analysis & Synthesis Settings
  4. Parallel Compilation
  5. Analysis & Synthesis Source Files Read
  6. Analysis & Synthesis Resource Usage Summary
  7. Analysis & Synthesis Resource Utilization by Entity
  8. General Register Statistics
  9. Multiplexer Restructuring Statistics (Restructuring Performed)
 10. Elapsed Time Per Partition
 11. Analysis & Synthesis Messages



----------------
; Legal Notice ;
----------------
Copyright (C) 1991-2013 Altera Corporation
Your use of Altera Corporation's design tools, logic functions 
and other software and tools, and its AMPP partner logic 
functions, and any output files from any of the foregoing 
(including device programming or simulation files), and any 
associated documentation or information are expressly subject 
to the terms and conditions of the Altera Program License 
Subscription Agreement, Altera MegaCore Function License 
Agreement, or other applicable license agreement, including, 
without limitation, that your use is for the sole purpose of 
programming logic devices manufactured by Altera and sold by 
Altera or its authorized distributors.  Please refer to the 
applicable agreement for further details.



+---------------------------------------------------------------------------------+
; Analysis & Synthesis Summary                                                    ;
+------------------------------------+--------------------------------------------+
; Analysis & Synthesis Status        ; Successful - Sat May 06 02:04:01 2023      ;
; Quartus II 64-Bit Version          ; 13.1.0 Build 162 10/23/2013 SJ Web Edition ;
; Revision Name                      ; HW2                                        ;
; Top-level Entity Name              ; FinalCircuit                               ;
; Family                             ; Cyclone IV GX                              ;
; Total logic elements               ; 13                                         ;
;     Total combinational functions  ; 13                                         ;
;     Dedicated logic registers      ; 0                                          ;
; Total registers                    ; 0                                          ;
; Total pins                         ; 15                                         ;
; Total virtual pins                 ; 0                                          ;
; Total memory bits                  ; 0                                          ;
; Embedded Multiplier 9-bit elements ; 0                                          ;
; Total GXB Receiver Channel PCS     ; 0                                          ;
; Total GXB Receiver Channel PMA     ; 0                                          ;
; Total GXB Transmitter Channel PCS  ; 0                                          ;
; Total GXB Transmitter Channel PMA  ; 0                                          ;
; Total PLLs                         ; 0                                          ;
+------------------------------------+--------------------------------------------+


+----------------------------------------------------------------------------------------------------------------------+
; Analysis & Synthesis Settings                                                                                        ;
+----------------------------------------------------------------------------+--------------------+--------------------+
; Option                                                                     ; Setting            ; Default Value      ;
+----------------------------------------------------------------------------+--------------------+--------------------+
; Top-level entity name                                                      ; FinalCircuit       ; HW2                ;
; Family name                                                                ; Cyclone IV GX      ; Cyclone IV GX      ;
; Use smart compilation                                                      ; Off                ; Off                ;
; Enable parallel Assembler and TimeQuest Timing Analyzer during compilation ; On                 ; On                 ;
; Enable compact report table                                                ; Off                ; Off                ;
; Restructure Multiplexers                                                   ; Auto               ; Auto               ;
; Create Debugging Nodes for IP Cores                                        ; Off                ; Off                ;
; Preserve fewer node names                                                  ; On                 ; On                 ;
; Disable OpenCore Plus hardware evaluation                                  ; Off                ; Off                ;
; Verilog Version                                                            ; Verilog_2001       ; Verilog_2001       ;
; VHDL Version                                                               ; VHDL_1993          ; VHDL_1993          ;
; State Machine Processing                                                   ; Auto               ; Auto               ;
; Safe State Machine                                                         ; Off                ; Off                ;
; Extract Verilog State Machines                                             ; On                 ; On                 ;
; Extract VHDL State Machines                                                ; On                 ; On                 ;
; Ignore Verilog initial constructs                                          ; Off                ; Off                ;
; Iteration limit for constant Verilog loops                                 ; 5000               ; 5000               ;
; Iteration limit for non-constant Verilog loops                             ; 250                ; 250                ;
; Add Pass-Through Logic to Inferred RAMs                                    ; On                 ; On                 ;
; Infer RAMs from Raw Logic                                                  ; On                 ; On                 ;
; Parallel Synthesis                                                         ; On                 ; On                 ;
; DSP Block Balancing                                                        ; Auto               ; Auto               ;
; NOT Gate Push-Back                                                         ; On                 ; On                 ;
; Power-Up Don't Care                                                        ; On                 ; On                 ;
; Remove Redundant Logic Cells                                               ; Off                ; Off                ;
; Remove Duplicate Registers                                                 ; On                 ; On                 ;
; Ignore CARRY Buffers                                                       ; Off                ; Off                ;
; Ignore CASCADE Buffers                                                     ; Off                ; Off                ;
; Ignore GLOBAL Buffers                                                      ; Off                ; Off                ;
; Ignore ROW GLOBAL Buffers                                                  ; Off                ; Off                ;
; Ignore LCELL Buffers                                                       ; Off                ; Off                ;
; Ignore SOFT Buffers                                                        ; On                 ; On                 ;
; Limit AHDL Integers to 32 Bits                                             ; Off                ; Off                ;
; Optimization Technique                                                     ; Balanced           ; Balanced           ;
; Carry Chain Length                                                         ; 70                 ; 70                 ;
; Auto Carry Chains                                                          ; On                 ; On                 ;
; Auto Open-Drain Pins                                                       ; On                 ; On                 ;
; Perform WYSIWYG Primitive Resynthesis                                      ; Off                ; Off                ;
; Auto ROM Replacement                                                       ; On                 ; On                 ;
; Auto RAM Replacement                                                       ; On                 ; On                 ;
; Auto DSP Block Replacement                                                 ; On                 ; On                 ;
; Auto Shift Register Replacement                                            ; Auto               ; Auto               ;
; Allow Shift Register Merging across Hierarchies                            ; Auto               ; Auto               ;
; Auto Clock Enable Replacement                                              ; On                 ; On                 ;
; Strict RAM Replacement                                                     ; Off                ; Off                ;
; Allow Synchronous Control Signals                                          ; On                 ; On                 ;
; Force Use of Synchronous Clear Signals                                     ; Off                ; Off                ;
; Auto RAM Block Balancing                                                   ; On                 ; On                 ;
; Auto RAM to Logic Cell Conversion                                          ; Off                ; Off                ;
; Auto Resource Sharing                                                      ; Off                ; Off                ;
; Allow Any RAM Size For Recognition                                         ; Off                ; Off                ;
; Allow Any ROM Size For Recognition                                         ; Off                ; Off                ;
; Allow Any Shift Register Size For Recognition                              ; Off                ; Off                ;
; Use LogicLock Constraints during Resource Balancing                        ; On                 ; On                 ;
; Ignore translate_off and synthesis_off directives                          ; Off                ; Off                ;
; Timing-Driven Synthesis                                                    ; On                 ; On                 ;
; Report Parameter Settings                                                  ; On                 ; On                 ;
; Report Source Assignments                                                  ; On                 ; On                 ;
; Report Connectivity Checks                                                 ; On                 ; On                 ;
; Ignore Maximum Fan-Out Assignments                                         ; Off                ; Off                ;
; Synchronization Register Chain Length                                      ; 2                  ; 2                  ;
; PowerPlay Power Optimization                                               ; Normal compilation ; Normal compilation ;
; HDL message level                                                          ; Level2             ; Level2             ;
; Suppress Register Optimization Related Messages                            ; Off                ; Off                ;
; Number of Removed Registers Reported in Synthesis Report                   ; 5000               ; 5000               ;
; Number of Swept Nodes Reported in Synthesis Report                         ; 5000               ; 5000               ;
; Number of Inverted Registers Reported in Synthesis Report                  ; 100                ; 100                ;
; Clock MUX Protection                                                       ; On                 ; On                 ;
; Auto Gated Clock Conversion                                                ; Off                ; Off                ;
; Block Design Naming                                                        ; Auto               ; Auto               ;
; SDC constraint protection                                                  ; Off                ; Off                ;
; Synthesis Effort                                                           ; Auto               ; Auto               ;
; Shift Register Replacement - Allow Asynchronous Clear Signal               ; On                 ; On                 ;
; Pre-Mapping Resynthesis Optimization                                       ; Off                ; Off                ;
; Analysis & Synthesis Message Level                                         ; Medium             ; Medium             ;
; Disable Register Merging Across Hierarchies                                ; Auto               ; Auto               ;
; Resource Aware Inference For Block RAM                                     ; On                 ; On                 ;
; Synthesis Seed                                                             ; 1                  ; 1                  ;
+----------------------------------------------------------------------------+--------------------+--------------------+


Parallel compilation was disabled, but you have multiple processors available. Enable parallel compilation to reduce compilation time.
+-------------------------------------+
; Parallel Compilation                ;
+----------------------------+--------+
; Processors                 ; Number ;
+----------------------------+--------+
; Number detected on machine ; 16     ;
; Maximum allowed            ; 1      ;
+----------------------------+--------+


+---------------------------------------------------------------------------------------------------------------------------------------------------------------------------+
; Analysis & Synthesis Source Files Read                                                                                                                                    ;
+----------------------------------+-----------------+------------------------------------+-----------------------------------------------------------------------+---------+
; File Name with User-Entered Path ; Used in Netlist ; File Type                          ; File Name with Absolute Path                                          ; Library ;
+----------------------------------+-----------------+------------------------------------+-----------------------------------------------------------------------+---------+
; 1/FA.bdf                         ; yes             ; User Block Diagram/Schematic File  ; C:/Users/payam/Desktop/CA_Practical2_400104867/1/FA.bdf               ;         ;
; 2/BusEncoder.bdf                 ; yes             ; User Block Diagram/Schematic File  ; C:/Users/payam/Desktop/CA_Practical2_400104867/2/BusEncoder.bdf       ;         ;
; 3/BusMux.bdf                     ; yes             ; User Block Diagram/Schematic File  ; C:/Users/payam/Desktop/CA_Practical2_400104867/3/BusMux.bdf           ;         ;
; 2/BusDecoder.bdf                 ; yes             ; User Block Diagram/Schematic File  ; C:/Users/payam/Desktop/CA_Practical2_400104867/2/BusDecoder.bdf       ;         ;
; 3/BusEncoder8.bdf                ; yes             ; User Block Diagram/Schematic File  ; C:/Users/payam/Desktop/CA_Practical2_400104867/3/BusEncoder8.bdf      ;         ;
; 3/BusDecoder8.bdf                ; yes             ; User Block Diagram/Schematic File  ; C:/Users/payam/Desktop/CA_Practical2_400104867/3/BusDecoder8.bdf      ;         ;
; 3/Shift1Bit.bdf                  ; yes             ; User Block Diagram/Schematic File  ; C:/Users/payam/Desktop/CA_Practical2_400104867/3/Shift1Bit.bdf        ;         ;
; 3/Shift2Bit.bdf                  ; yes             ; User Block Diagram/Schematic File  ; C:/Users/payam/Desktop/CA_Practical2_400104867/3/Shift2Bit.bdf        ;         ;
; 3/Shift4Bit.bdf                  ; yes             ; User Block Diagram/Schematic File  ; C:/Users/payam/Desktop/CA_Practical2_400104867/3/Shift4Bit.bdf        ;         ;
; 4/BitsAdder.bdf                  ; yes             ; User Block Diagram/Schematic File  ; C:/Users/payam/Desktop/CA_Practical2_400104867/4/BitsAdder.bdf        ;         ;
; 4/FindShiftAmount.bdf            ; yes             ; User Block Diagram/Schematic File  ; C:/Users/payam/Desktop/CA_Practical2_400104867/4/FindShiftAmount.bdf  ;         ;
; 4/Convert4To8.bdf                ; yes             ; User Block Diagram/Schematic File  ; C:/Users/payam/Desktop/CA_Practical2_400104867/4/Convert4To8.bdf      ;         ;
; 4/Convert8To4.bdf                ; yes             ; User Block Diagram/Schematic File  ; C:/Users/payam/Desktop/CA_Practical2_400104867/4/Convert8To4.bdf      ;         ;
; 4/Shift4BitWidth3.bdf            ; yes             ; User Block Diagram/Schematic File  ; C:/Users/payam/Desktop/CA_Practical2_400104867/4/Shift4BitWidth3.bdf  ;         ;
; 4/CLA4BitAdder.bdf               ; yes             ; User Block Diagram/Schematic File  ; C:/Users/payam/Desktop/CA_Practical2_400104867/4/CLA4BitAdder.bdf     ;         ;
; 4/FinalCircuit.bdf               ; yes             ; User Block Diagram/Schematic File  ; C:/Users/payam/Desktop/CA_Practical2_400104867/4/FinalCircuit.bdf     ;         ;
; 4/Inverse8Bit.bdf                ; yes             ; User Block Diagram/Schematic File  ; C:/Users/payam/Desktop/CA_Practical2_400104867/4/Inverse8Bit.bdf      ;         ;
; 4/ShiftAmountToExp.bdf           ; yes             ; User Block Diagram/Schematic File  ; C:/Users/payam/Desktop/CA_Practical2_400104867/4/ShiftAmountToExp.bdf ;         ;
; 3/Bus.bdf                        ; yes             ; User Block Diagram/Schematic File  ; C:/Users/payam/Desktop/CA_Practical2_400104867/3/Bus.bdf              ;         ;
+----------------------------------+-----------------+------------------------------------+-----------------------------------------------------------------------+---------+


+---------------------------------------------+
; Analysis & Synthesis Resource Usage Summary ;
+--------------------------+------------------+
; Resource                 ; Usage            ;
+--------------------------+------------------+
; I/O pins                 ; 15               ;
; DSP block 9-bit elements ; 0                ;
; Maximum fan-out node     ; X[3]~input       ;
; Maximum fan-out          ; 8                ;
; Total fan-out            ; 64               ;
; Average fan-out          ; 1.49             ;
+--------------------------+------------------+


+-----------------------------------------------------------------------------------------------------------------------------------------------------------------------------------------------------------------------------------------------+
; Analysis & Synthesis Resource Utilization by Entity                                                                                                                                                                                           ;
+-----------------------------+-------------------+--------------+-------------+--------------+---------+-----------+-----------+------+--------------+--------------------------------------------------------------------------+--------------+
; Compilation Hierarchy Node  ; LC Combinationals ; LC Registers ; Memory Bits ; DSP Elements ; DSP 9x9 ; DSP 18x18 ; DSP 36x36 ; Pins ; Virtual Pins ; Full Hierarchy Name                                                      ; Library Name ;
+-----------------------------+-------------------+--------------+-------------+--------------+---------+-----------+-----------+------+--------------+--------------------------------------------------------------------------+--------------+
; |FinalCircuit               ; 13 (0)            ; 0 (0)        ; 0           ; 0            ; 0       ; 0         ; 0         ; 15   ; 0            ; |FinalCircuit                                                            ; work         ;
;    |CLA4BitAdder:inst4|     ; 7 (7)             ; 0 (0)        ; 0           ; 0            ; 0       ; 0         ; 0         ; 0    ; 0            ; |FinalCircuit|CLA4BitAdder:inst4                                         ; work         ;
;    |FindShiftAmount:inst2|  ; 2 (0)             ; 0 (0)        ; 0           ; 0            ; 0       ; 0         ; 0         ; 0    ; 0            ; |FinalCircuit|FindShiftAmount:inst2                                      ; work         ;
;       |BItsAdder:inst9|     ; 2 (0)             ; 0 (0)        ; 0           ; 0            ; 0       ; 0         ; 0         ; 0    ; 0            ; |FinalCircuit|FindShiftAmount:inst2|BItsAdder:inst9                      ; work         ;
;          |FA:inst2|         ; 1 (1)             ; 0 (0)        ; 0           ; 0            ; 0       ; 0         ; 0         ; 0    ; 0            ; |FinalCircuit|FindShiftAmount:inst2|BItsAdder:inst9|FA:inst2             ; work         ;
;          |FA:inst4|         ; 1 (1)             ; 0 (0)        ; 0           ; 0            ; 0       ; 0         ; 0         ; 0    ; 0            ; |FinalCircuit|FindShiftAmount:inst2|BItsAdder:inst9|FA:inst4             ; work         ;
;    |Shift4BitWidth3:inst|   ; 3 (0)             ; 0 (0)        ; 0           ; 0            ; 0       ; 0         ; 0         ; 0    ; 0            ; |FinalCircuit|Shift4BitWidth3:inst                                       ; work         ;
;       |Shift4Bit:inst3|     ; 3 (0)             ; 0 (0)        ; 0           ; 0            ; 0       ; 0         ; 0         ; 0    ; 0            ; |FinalCircuit|Shift4BitWidth3:inst|Shift4Bit:inst3                       ; work         ;
;          |BusMux:inst|      ; 3 (0)             ; 0 (0)        ; 0           ; 0            ; 0       ; 0         ; 0         ; 0    ; 0            ; |FinalCircuit|Shift4BitWidth3:inst|Shift4Bit:inst3|BusMux:inst           ; work         ;
;             |Bus:inst6|     ; 1 (1)             ; 0 (0)        ; 0           ; 0            ; 0       ; 0         ; 0         ; 0    ; 0            ; |FinalCircuit|Shift4BitWidth3:inst|Shift4Bit:inst3|BusMux:inst|Bus:inst6 ; work         ;
;             |Bus:inst7|     ; 1 (1)             ; 0 (0)        ; 0           ; 0            ; 0       ; 0         ; 0         ; 0    ; 0            ; |FinalCircuit|Shift4BitWidth3:inst|Shift4Bit:inst3|BusMux:inst|Bus:inst7 ; work         ;
;             |Bus:inst8|     ; 1 (1)             ; 0 (0)        ; 0           ; 0            ; 0       ; 0         ; 0         ; 0    ; 0            ; |FinalCircuit|Shift4BitWidth3:inst|Shift4Bit:inst3|BusMux:inst|Bus:inst8 ; work         ;
;    |ShiftAmountToExp:inst6| ; 1 (1)             ; 0 (0)        ; 0           ; 0            ; 0       ; 0         ; 0         ; 0    ; 0            ; |FinalCircuit|ShiftAmountToExp:inst6                                     ; work         ;
+-----------------------------+-------------------+--------------+-------------+--------------+---------+-----------+-----------+------+--------------+--------------------------------------------------------------------------+--------------+
Note: For table entries with two numbers listed, the numbers in parentheses indicate the number of resources of the given type used by the specific entity alone. The numbers listed outside of parentheses indicate the total resources of the given type used by the specific entity and all of its sub-entities in the hierarchy.


+------------------------------------------------------+
; General Register Statistics                          ;
+----------------------------------------------+-------+
; Statistic                                    ; Value ;
+----------------------------------------------+-------+
; Total registers                              ; 0     ;
; Number of registers using Synchronous Clear  ; 0     ;
; Number of registers using Synchronous Load   ; 0     ;
; Number of registers using Asynchronous Clear ; 0     ;
; Number of registers using Asynchronous Load  ; 0     ;
; Number of registers using Clock Enable       ; 0     ;
; Number of registers using Preset             ; 0     ;
+----------------------------------------------+-------+


+------------------------------------------------------------------------------------------------------------------------------------------------------------------------------------------+
; Multiplexer Restructuring Statistics (Restructuring Performed)                                                                                                                           ;
+--------------------+-----------+---------------+----------------------+------------------------+------------+----------------------------------------------------------------------------+
; Multiplexer Inputs ; Bus Width ; Baseline Area ; Area if Restructured ; Saving if Restructured ; Registered ; Example Multiplexer Output                                                 ;
+--------------------+-----------+---------------+----------------------+------------------------+------------+----------------------------------------------------------------------------+
; 3:1                ; 2 bits    ; 4 LEs         ; 4 LEs                ; 0 LEs                  ; No         ; |FinalCircuit|Shift4BitWidth3:inst|Shift2Bit:inst2|BusMux:inst|Bus:inst7|5 ;
+--------------------+-----------+---------------+----------------------+------------------------+------------+----------------------------------------------------------------------------+


+-------------------------------+
; Elapsed Time Per Partition    ;
+----------------+--------------+
; Partition Name ; Elapsed Time ;
+----------------+--------------+
; Top            ; 00:00:00     ;
+----------------+--------------+


+-------------------------------+
; Analysis & Synthesis Messages ;
+-------------------------------+
Info: *******************************************************************
Info: Running Quartus II 64-Bit Analysis & Synthesis
    Info: Version 13.1.0 Build 162 10/23/2013 SJ Web Edition
    Info: Processing started: Sat May 06 02:03:58 2023
Info: Command: quartus_map --read_settings_files=on --write_settings_files=off HW2 -c HW2
Warning (20028): Parallel compilation is not licensed and has been disabled
Info (12021): Found 1 design units, including 1 entities, in source file 1/fa.bdf
    Info (12023): Found entity 1: FA
Info (12021): Found 1 design units, including 1 entities, in source file 1/ripple_adder_4bit.bdf
    Info (12023): Found entity 1: Ripple_Adder_4bit
Info (12021): Found 1 design units, including 1 entities, in source file 2/busencoder.bdf
    Info (12023): Found entity 1: BusEncoder
Info (12021): Found 1 design units, including 1 entities, in source file 2/multiplier4bits.bdf
    Info (12023): Found entity 1: Multiplier4Bits
Warning (12090): Entity "BusMux" obtained from "3/BusMux.bdf" instead of from Quartus II megafunction library
Info (12021): Found 1 design units, including 1 entities, in source file 3/busmux.bdf
    Info (12023): Found entity 1: BusMux
Info (12021): Found 1 design units, including 1 entities, in source file 2/busdecoder.bdf
    Info (12023): Found entity 1: BusDecoder
Info (12021): Found 1 design units, including 1 entities, in source file 3/busencoder8.bdf
    Info (12023): Found entity 1: BusEncoder8
Info (12021): Found 1 design units, including 1 entities, in source file 3/busdecoder8.bdf
    Info (12023): Found entity 1: BusDecoder8
Info (12021): Found 1 design units, including 1 entities, in source file 3/shift1bit.bdf
    Info (12023): Found entity 1: Shift1Bit
Info (12021): Found 1 design units, including 1 entities, in source file 3/shift2bit.bdf
    Info (12023): Found entity 1: Shift2Bit
Info (12021): Found 1 design units, including 1 entities, in source file 3/shift4bit.bdf
    Info (12023): Found entity 1: Shift4Bit
Info (12021): Found 1 design units, including 1 entities, in source file 3/barrelshifter8bit.bdf
    Info (12023): Found entity 1: BarrelShifter8Bit
Info (12021): Found 1 design units, including 1 entities, in source file 4/bitsadder.bdf
    Info (12023): Found entity 1: BItsAdder
Info (12021): Found 1 design units, including 1 entities, in source file 4/findshiftamount.bdf
    Info (12023): Found entity 1: FindShiftAmount
Info (12021): Found 1 design units, including 1 entities, in source file 4/convert4to8.bdf
    Info (12023): Found entity 1: Convert4To8
Info (12021): Found 1 design units, including 1 entities, in source file 4/convert8to4.bdf
    Info (12023): Found entity 1: Convert8To4
Info (12021): Found 1 design units, including 1 entities, in source file 4/shift4bitwidth3.bdf
    Info (12023): Found entity 1: Shift4BitWidth3
Info (12021): Found 1 design units, including 1 entities, in source file 4/cla4bitadder.bdf
    Info (12023): Found entity 1: CLA4BitAdder
Info (12021): Found 1 design units, including 1 entities, in source file 4/finalcircuit.bdf
    Info (12023): Found entity 1: FinalCircuit
Info (12021): Found 1 design units, including 1 entities, in source file 4/inverse8bit.bdf
    Info (12023): Found entity 1: Inverse8Bit
Info (12021): Found 1 design units, including 1 entities, in source file 4/shiftamounttoexp.bdf
    Info (12023): Found entity 1: ShiftAmountToExp
Info (12021): Found 1 design units, including 1 entities, in source file 3/bus.bdf
    Info (12023): Found entity 1: Bus
Info (12127): Elaborating entity "FinalCircuit" for the top level hierarchy
Info (12128): Elaborating entity "CLA4BitAdder" for hierarchy "CLA4BitAdder:inst4"
Info (12128): Elaborating entity "ShiftAmountToExp" for hierarchy "ShiftAmountToExp:inst6"
Info (12128): Elaborating entity "BusEncoder" for hierarchy "ShiftAmountToExp:inst6|BusEncoder:inst1"
Info (12128): Elaborating entity "FindShiftAmount" for hierarchy "FindShiftAmount:inst2"
Info (12128): Elaborating entity "BItsAdder" for hierarchy "FindShiftAmount:inst2|BItsAdder:inst9"
Info (12128): Elaborating entity "FA" for hierarchy "FindShiftAmount:inst2|BItsAdder:inst9|FA:inst4"
Info (12128): Elaborating entity "BusDecoder" for hierarchy "FindShiftAmount:inst2|BusDecoder:inst"
Info (12128): Elaborating entity "Shift4BitWidth3" for hierarchy "Shift4BitWidth3:inst"
Info (12128): Elaborating entity "Convert8To4" for hierarchy "Shift4BitWidth3:inst|Convert8To4:inst4"
Info (12128): Elaborating entity "BusDecoder8" for hierarchy "Shift4BitWidth3:inst|Convert8To4:inst4|BusDecoder8:inst"
Info (12128): Elaborating entity "Inverse8Bit" for hierarchy "Shift4BitWidth3:inst|Inverse8Bit:inst6"
Info (12128): Elaborating entity "BusEncoder8" for hierarchy "Shift4BitWidth3:inst|Inverse8Bit:inst6|BusEncoder8:inst1"
Info (12128): Elaborating entity "Shift4Bit" for hierarchy "Shift4BitWidth3:inst|Shift4Bit:inst3"
Info (12128): Elaborating entity "BusMux" for hierarchy "Shift4BitWidth3:inst|Shift4Bit:inst3|BusMux:inst"
Info (12128): Elaborating entity "Bus" for hierarchy "Shift4BitWidth3:inst|Shift4Bit:inst3|BusMux:inst|Bus:inst3"
Info (12128): Elaborating entity "Shift2Bit" for hierarchy "Shift4BitWidth3:inst|Shift2Bit:inst2"
Info (12128): Elaborating entity "Shift1Bit" for hierarchy "Shift4BitWidth3:inst|Shift1Bit:inst"
Info (12128): Elaborating entity "Convert4To8" for hierarchy "Shift4BitWidth3:inst|Convert4To8:inst1"
Info (286030): Timing-Driven Synthesis is running
Info (16010): Generating hard_block partition "hard_block:auto_generated_inst"
    Info (16011): Adding 0 node(s), including 0 DDIO, 0 PLL, 0 transceiver and 0 LCELL
Info (21057): Implemented 28 device resources after synthesis - the final resource count might be different
    Info (21058): Implemented 8 input pins
    Info (21059): Implemented 7 output pins
    Info (21061): Implemented 13 logic cells
Info: Quartus II 64-Bit Analysis & Synthesis was successful. 0 errors, 2 warnings
    Info: Peak virtual memory: 4674 megabytes
    Info: Processing ended: Sat May 06 02:04:01 2023
    Info: Elapsed time: 00:00:03
    Info: Total CPU time (on all processors): 00:00:02


