Analysis & Synthesis report for HW3
Sun May 21 11:56:32 2023
Quartus II 64-Bit Version 13.1.0 Build 162 10/23/2013 SJ Web Edition


---------------------
; Table of Contents ;
---------------------
  1. Legal Notice
  2. Analysis & Synthesis Summary
  3. Analysis & Synthesis Settings
  4. Parallel Compilation
  5. Analysis & Synthesis Source Files Read
  6. Analysis & Synthesis Resource Usage Summary
  7. Analysis & Synthesis Resource Utilization by Entity
  8. General Register Statistics
  9. Inverted Register Statistics
 10. Elapsed Time Per Partition
 11. Analysis & Synthesis Messages



----------------
; Legal Notice ;
----------------
Copyright (C) 1991-2013 Altera Corporation
Your use of Altera Corporation's design tools, logic functions 
and other software and tools, and its AMPP partner logic 
functions, and any output files from any of the foregoing 
(including device programming or simulation files), and any 
associated documentation or information are expressly subject 
to the terms and conditions of the Altera Program License 
Subscription Agreement, Altera MegaCore Function License 
Agreement, or other applicable license agreement, including, 
without limitation, that your use is for the sole purpose of 
programming logic devices manufactured by Altera and sold by 
Altera or its authorized distributors.  Please refer to the 
applicable agreement for further details.



+---------------------------------------------------------------------------------+
; Analysis & Synthesis Summary                                                    ;
+------------------------------------+--------------------------------------------+
; Analysis & Synthesis Status        ; Successful - Sun May 21 11:56:32 2023      ;
; Quartus II 64-Bit Version          ; 13.1.0 Build 162 10/23/2013 SJ Web Edition ;
; Revision Name                      ; HW3                                        ;
; Top-level Entity Name              ; FinalCircuit                               ;
; Family                             ; Cyclone IV GX                              ;
; Total logic elements               ; 81                                         ;
;     Total combinational functions  ; 58                                         ;
;     Dedicated logic registers      ; 40                                         ;
; Total registers                    ; 40                                         ;
; Total pins                         ; 28                                         ;
; Total virtual pins                 ; 0                                          ;
; Total memory bits                  ; 0                                          ;
; Embedded Multiplier 9-bit elements ; 0                                          ;
; Total GXB Receiver Channel PCS     ; 0                                          ;
; Total GXB Receiver Channel PMA     ; 0                                          ;
; Total GXB Transmitter Channel PCS  ; 0                                          ;
; Total GXB Transmitter Channel PMA  ; 0                                          ;
; Total PLLs                         ; 0                                          ;
+------------------------------------+--------------------------------------------+


+----------------------------------------------------------------------------------------------------------------------+
; Analysis & Synthesis Settings                                                                                        ;
+----------------------------------------------------------------------------+--------------------+--------------------+
; Option                                                                     ; Setting            ; Default Value      ;
+----------------------------------------------------------------------------+--------------------+--------------------+
; Top-level entity name                                                      ; FinalCircuit       ; HW3                ;
; Family name                                                                ; Cyclone IV GX      ; Cyclone IV GX      ;
; Use smart compilation                                                      ; Off                ; Off                ;
; Enable parallel Assembler and TimeQuest Timing Analyzer during compilation ; On                 ; On                 ;
; Enable compact report table                                                ; Off                ; Off                ;
; Restructure Multiplexers                                                   ; Auto               ; Auto               ;
; Create Debugging Nodes for IP Cores                                        ; Off                ; Off                ;
; Preserve fewer node names                                                  ; On                 ; On                 ;
; Disable OpenCore Plus hardware evaluation                                  ; Off                ; Off                ;
; Verilog Version                                                            ; Verilog_2001       ; Verilog_2001       ;
; VHDL Version                                                               ; VHDL_1993          ; VHDL_1993          ;
; State Machine Processing                                                   ; Auto               ; Auto               ;
; Safe State Machine                                                         ; Off                ; Off                ;
; Extract Verilog State Machines                                             ; On                 ; On                 ;
; Extract VHDL State Machines                                                ; On                 ; On                 ;
; Ignore Verilog initial constructs                                          ; Off                ; Off                ;
; Iteration limit for constant Verilog loops                                 ; 5000               ; 5000               ;
; Iteration limit for non-constant Verilog loops                             ; 250                ; 250                ;
; Add Pass-Through Logic to Inferred RAMs                                    ; On                 ; On                 ;
; Infer RAMs from Raw Logic                                                  ; On                 ; On                 ;
; Parallel Synthesis                                                         ; On                 ; On                 ;
; DSP Block Balancing                                                        ; Auto               ; Auto               ;
; NOT Gate Push-Back                                                         ; On                 ; On                 ;
; Power-Up Don't Care                                                        ; On                 ; On                 ;
; Remove Redundant Logic Cells                                               ; Off                ; Off                ;
; Remove Duplicate Registers                                                 ; On                 ; On                 ;
; Ignore CARRY Buffers                                                       ; Off                ; Off                ;
; Ignore CASCADE Buffers                                                     ; Off                ; Off                ;
; Ignore GLOBAL Buffers                                                      ; Off                ; Off                ;
; Ignore ROW GLOBAL Buffers                                                  ; Off                ; Off                ;
; Ignore LCELL Buffers                                                       ; Off                ; Off                ;
; Ignore SOFT Buffers                                                        ; On                 ; On                 ;
; Limit AHDL Integers to 32 Bits                                             ; Off                ; Off                ;
; Optimization Technique                                                     ; Balanced           ; Balanced           ;
; Carry Chain Length                                                         ; 70                 ; 70                 ;
; Auto Carry Chains                                                          ; On                 ; On                 ;
; Auto Open-Drain Pins                                                       ; On                 ; On                 ;
; Perform WYSIWYG Primitive Resynthesis                                      ; Off                ; Off                ;
; Auto ROM Replacement                                                       ; On                 ; On                 ;
; Auto RAM Replacement                                                       ; On                 ; On                 ;
; Auto DSP Block Replacement                                                 ; On                 ; On                 ;
; Auto Shift Register Replacement                                            ; Auto               ; Auto               ;
; Allow Shift Register Merging across Hierarchies                            ; Auto               ; Auto               ;
; Auto Clock Enable Replacement                                              ; On                 ; On                 ;
; Strict RAM Replacement                                                     ; Off                ; Off                ;
; Allow Synchronous Control Signals                                          ; On                 ; On                 ;
; Force Use of Synchronous Clear Signals                                     ; Off                ; Off                ;
; Auto RAM Block Balancing                                                   ; On                 ; On                 ;
; Auto RAM to Logic Cell Conversion                                          ; Off                ; Off                ;
; Auto Resource Sharing                                                      ; Off                ; Off                ;
; Allow Any RAM Size For Recognition                                         ; Off                ; Off                ;
; Allow Any ROM Size For Recognition                                         ; Off                ; Off                ;
; Allow Any Shift Register Size For Recognition                              ; Off                ; Off                ;
; Use LogicLock Constraints during Resource Balancing                        ; On                 ; On                 ;
; Ignore translate_off and synthesis_off directives                          ; Off                ; Off                ;
; Timing-Driven Synthesis                                                    ; On                 ; On                 ;
; Report Parameter Settings                                                  ; On                 ; On                 ;
; Report Source Assignments                                                  ; On                 ; On                 ;
; Report Connectivity Checks                                                 ; On                 ; On                 ;
; Ignore Maximum Fan-Out Assignments                                         ; Off                ; Off                ;
; Synchronization Register Chain Length                                      ; 2                  ; 2                  ;
; PowerPlay Power Optimization                                               ; Normal compilation ; Normal compilation ;
; HDL message level                                                          ; Level2             ; Level2             ;
; Suppress Register Optimization Related Messages                            ; Off                ; Off                ;
; Number of Removed Registers Reported in Synthesis Report                   ; 5000               ; 5000               ;
; Number of Swept Nodes Reported in Synthesis Report                         ; 5000               ; 5000               ;
; Number of Inverted Registers Reported in Synthesis Report                  ; 100                ; 100                ;
; Clock MUX Protection                                                       ; On                 ; On                 ;
; Auto Gated Clock Conversion                                                ; Off                ; Off                ;
; Block Design Naming                                                        ; Auto               ; Auto               ;
; SDC constraint protection                                                  ; Off                ; Off                ;
; Synthesis Effort                                                           ; Auto               ; Auto               ;
; Shift Register Replacement - Allow Asynchronous Clear Signal               ; On                 ; On                 ;
; Pre-Mapping Resynthesis Optimization                                       ; Off                ; Off                ;
; Analysis & Synthesis Message Level                                         ; Medium             ; Medium             ;
; Disable Register Merging Across Hierarchies                                ; Auto               ; Auto               ;
; Resource Aware Inference For Block RAM                                     ; On                 ; On                 ;
; Synthesis Seed                                                             ; 1                  ; 1                  ;
+----------------------------------------------------------------------------+--------------------+--------------------+


Parallel compilation was disabled, but you have multiple processors available. Enable parallel compilation to reduce compilation time.
+-------------------------------------+
; Parallel Compilation                ;
+----------------------------+--------+
; Processors                 ; Number ;
+----------------------------+--------+
; Number detected on machine ; 16     ;
; Maximum allowed            ; 1      ;
+----------------------------+--------+


+--------------------------------------------------------------------------------------------------------------------------------------------------------------------------+
; Analysis & Synthesis Source Files Read                                                                                                                                   ;
+----------------------------------+-----------------+------------------------------------+----------------------------------------------------------------------+---------+
; File Name with User-Entered Path ; Used in Netlist ; File Type                          ; File Name with Absolute Path                                         ; Library ;
+----------------------------------+-----------------+------------------------------------+----------------------------------------------------------------------+---------+
; R_out.bdf                        ; yes             ; User Block Diagram/Schematic File  ; C:/Users/payam/Desktop/CA_practical3_400104867/R_out.bdf             ;         ;
; BusEncoder4.bdf                  ; yes             ; User Block Diagram/Schematic File  ; C:/Users/payam/Desktop/CA_practical3_400104867/BusEncoder4.bdf       ;         ;
; BusDecoder4.bdf                  ; yes             ; User Block Diagram/Schematic File  ; C:/Users/payam/Desktop/CA_practical3_400104867/BusDecoder4.bdf       ;         ;
; R_in.bdf                         ; yes             ; User Block Diagram/Schematic File  ; C:/Users/payam/Desktop/CA_practical3_400104867/R_in.bdf              ;         ;
; Multiplier4.bdf                  ; yes             ; User Block Diagram/Schematic File  ; C:/Users/payam/Desktop/CA_practical3_400104867/Multiplier4.bdf       ;         ;
; Adder4.bdf                       ; yes             ; User Block Diagram/Schematic File  ; C:/Users/payam/Desktop/CA_practical3_400104867/Adder4.bdf            ;         ;
; FA.bdf                           ; yes             ; User Block Diagram/Schematic File  ; C:/Users/payam/Desktop/CA_practical3_400104867/FA.bdf                ;         ;
; expCalculator.bdf                ; yes             ; User Block Diagram/Schematic File  ; C:/Users/payam/Desktop/CA_practical3_400104867/expCalculator.bdf     ;         ;
; Register5.bdf                    ; yes             ; User Block Diagram/Schematic File  ; C:/Users/payam/Desktop/CA_practical3_400104867/Register5.bdf         ;         ;
; Mux.bdf                          ; yes             ; User Block Diagram/Schematic File  ; C:/Users/payam/Desktop/CA_practical3_400104867/Mux.bdf               ;         ;
; exp_register.bdf                 ; yes             ; User Block Diagram/Schematic File  ; C:/Users/payam/Desktop/CA_practical3_400104867/exp_register.bdf      ;         ;
; Mux5.bdf                         ; yes             ; User Block Diagram/Schematic File  ; C:/Users/payam/Desktop/CA_practical3_400104867/Mux5.bdf              ;         ;
; fraction_register.bdf            ; yes             ; User Block Diagram/Schematic File  ; C:/Users/payam/Desktop/CA_practical3_400104867/fraction_register.bdf ;         ;
; DataPath.bdf                     ; yes             ; User Block Diagram/Schematic File  ; C:/Users/payam/Desktop/CA_practical3_400104867/DataPath.bdf          ;         ;
; Ripple_Adder_4bit.bdf            ; yes             ; User Block Diagram/Schematic File  ; C:/Users/payam/Desktop/CA_practical3_400104867/Ripple_Adder_4bit.bdf ;         ;
; CONTROL_UNIT.bdf                 ; yes             ; User Block Diagram/Schematic File  ; C:/Users/payam/Desktop/CA_practical3_400104867/CONTROL_UNIT.bdf      ;         ;
; FinalCircuit.bdf                 ; yes             ; User Block Diagram/Schematic File  ; C:/Users/payam/Desktop/CA_practical3_400104867/FinalCircuit.bdf      ;         ;
+----------------------------------+-----------------+------------------------------------+----------------------------------------------------------------------+---------+


+---------------------------------------------+
; Analysis & Synthesis Resource Usage Summary ;
+--------------------------+------------------+
; Resource                 ; Usage            ;
+--------------------------+------------------+
; I/O pins                 ; 28               ;
; DSP block 9-bit elements ; 0                ;
; Maximum fan-out node     ; CLK~input        ;
; Maximum fan-out          ; 40               ;
; Total fan-out            ; 365              ;
; Average fan-out          ; 2.37             ;
+--------------------------+------------------+


+---------------------------------------------------------------------------------------------------------------------------------------------------------------------------------------------------------------------------------------------------------------+
; Analysis & Synthesis Resource Utilization by Entity                                                                                                                                                                                                           ;
+-------------------------------------+-------------------+--------------+-------------+--------------+---------+-----------+-----------+------+--------------+----------------------------------------------------------------------------------+--------------+
; Compilation Hierarchy Node          ; LC Combinationals ; LC Registers ; Memory Bits ; DSP Elements ; DSP 9x9 ; DSP 18x18 ; DSP 36x36 ; Pins ; Virtual Pins ; Full Hierarchy Name                                                              ; Library Name ;
+-------------------------------------+-------------------+--------------+-------------+--------------+---------+-----------+-----------+------+--------------+----------------------------------------------------------------------------------+--------------+
; |FinalCircuit                       ; 58 (0)            ; 40 (0)       ; 0           ; 0            ; 0       ; 0         ; 0         ; 28   ; 0            ; |FinalCircuit                                                                    ; work         ;
;    |CONTROL_UNIT:inst|              ; 6 (6)             ; 3 (3)        ; 0           ; 0            ; 0       ; 0         ; 0         ; 0    ; 0            ; |FinalCircuit|CONTROL_UNIT:inst                                                  ; work         ;
;    |DataPath:inst1|                 ; 52 (3)            ; 37 (1)       ; 0           ; 0            ; 0       ; 0         ; 0         ; 0    ; 0            ; |FinalCircuit|DataPath:inst1                                                     ; work         ;
;       |Multiplier4:inst4|           ; 21 (5)            ; 0 (0)        ; 0           ; 0            ; 0       ; 0         ; 0         ; 0    ; 0            ; |FinalCircuit|DataPath:inst1|Multiplier4:inst4                                   ; work         ;
;          |Ripple_Adder_4bit:inst26| ; 6 (0)             ; 0 (0)        ; 0           ; 0            ; 0       ; 0         ; 0         ; 0    ; 0            ; |FinalCircuit|DataPath:inst1|Multiplier4:inst4|Ripple_Adder_4bit:inst26          ; work         ;
;             |FA:inst2|              ; 4 (4)             ; 0 (0)        ; 0           ; 0            ; 0       ; 0         ; 0         ; 0    ; 0            ; |FinalCircuit|DataPath:inst1|Multiplier4:inst4|Ripple_Adder_4bit:inst26|FA:inst2 ; work         ;
;             |FA:inst3|              ; 2 (2)             ; 0 (0)        ; 0           ; 0            ; 0       ; 0         ; 0         ; 0    ; 0            ; |FinalCircuit|DataPath:inst1|Multiplier4:inst4|Ripple_Adder_4bit:inst26|FA:inst3 ; work         ;
;          |Ripple_Adder_4bit:inst31| ; 6 (0)             ; 0 (0)        ; 0           ; 0            ; 0       ; 0         ; 0         ; 0    ; 0            ; |FinalCircuit|DataPath:inst1|Multiplier4:inst4|Ripple_Adder_4bit:inst31          ; work         ;
;             |FA:inst2|              ; 2 (2)             ; 0 (0)        ; 0           ; 0            ; 0       ; 0         ; 0         ; 0    ; 0            ; |FinalCircuit|DataPath:inst1|Multiplier4:inst4|Ripple_Adder_4bit:inst31|FA:inst2 ; work         ;
;             |FA:inst3|              ; 2 (2)             ; 0 (0)        ; 0           ; 0            ; 0       ; 0         ; 0         ; 0    ; 0            ; |FinalCircuit|DataPath:inst1|Multiplier4:inst4|Ripple_Adder_4bit:inst31|FA:inst3 ; work         ;
;             |FA:inst4|              ; 2 (2)             ; 0 (0)        ; 0           ; 0            ; 0       ; 0         ; 0         ; 0    ; 0            ; |FinalCircuit|DataPath:inst1|Multiplier4:inst4|Ripple_Adder_4bit:inst31|FA:inst4 ; work         ;
;          |Ripple_Adder_4bit:inst36| ; 4 (0)             ; 0 (0)        ; 0           ; 0            ; 0       ; 0         ; 0         ; 0    ; 0            ; |FinalCircuit|DataPath:inst1|Multiplier4:inst4|Ripple_Adder_4bit:inst36          ; work         ;
;             |FA:inst2|              ; 2 (2)             ; 0 (0)        ; 0           ; 0            ; 0       ; 0         ; 0         ; 0    ; 0            ; |FinalCircuit|DataPath:inst1|Multiplier4:inst4|Ripple_Adder_4bit:inst36|FA:inst2 ; work         ;
;             |FA:inst3|              ; 2 (2)             ; 0 (0)        ; 0           ; 0            ; 0       ; 0         ; 0         ; 0    ; 0            ; |FinalCircuit|DataPath:inst1|Multiplier4:inst4|Ripple_Adder_4bit:inst36|FA:inst3 ; work         ;
;       |R_in:inst7|                  ; 2 (2)             ; 8 (8)        ; 0           ; 0            ; 0       ; 0         ; 0         ; 0    ; 0            ; |FinalCircuit|DataPath:inst1|R_in:inst7                                          ; work         ;
;       |R_in:inst8|                  ; 2 (2)             ; 8 (8)        ; 0           ; 0            ; 0       ; 0         ; 0         ; 0    ; 0            ; |FinalCircuit|DataPath:inst1|R_in:inst8                                          ; work         ;
;       |R_out:inst2|                 ; 0 (0)             ; 8 (8)        ; 0           ; 0            ; 0       ; 0         ; 0         ; 0    ; 0            ; |FinalCircuit|DataPath:inst1|R_out:inst2                                         ; work         ;
;       |expCalculator:inst3|         ; 3 (0)             ; 0 (0)        ; 0           ; 0            ; 0       ; 0         ; 0         ; 0    ; 0            ; |FinalCircuit|DataPath:inst1|expCalculator:inst3                                 ; work         ;
;          |Adder4:inst2|             ; 1 (1)             ; 0 (0)        ; 0           ; 0            ; 0       ; 0         ; 0         ; 0    ; 0            ; |FinalCircuit|DataPath:inst1|expCalculator:inst3|Adder4:inst2                    ; work         ;
;          |Adder4:inst|              ; 2 (2)             ; 0 (0)        ; 0           ; 0            ; 0       ; 0         ; 0         ; 0    ; 0            ; |FinalCircuit|DataPath:inst1|expCalculator:inst3|Adder4:inst                     ; work         ;
;       |exp_register:inst11|         ; 10 (0)            ; 4 (0)        ; 0           ; 0            ; 0       ; 0         ; 0         ; 0    ; 0            ; |FinalCircuit|DataPath:inst1|exp_register:inst11                                 ; work         ;
;          |Adder4:inst1|             ; 1 (1)             ; 0 (0)        ; 0           ; 0            ; 0       ; 0         ; 0         ; 0    ; 0            ; |FinalCircuit|DataPath:inst1|exp_register:inst11|Adder4:inst1                    ; work         ;
;          |Mux5:inst7|               ; 9 (0)             ; 0 (0)        ; 0           ; 0            ; 0       ; 0         ; 0         ; 0    ; 0            ; |FinalCircuit|DataPath:inst1|exp_register:inst11|Mux5:inst7                      ; work         ;
;             |Mux:inst1|             ; 1 (1)             ; 0 (0)        ; 0           ; 0            ; 0       ; 0         ; 0         ; 0    ; 0            ; |FinalCircuit|DataPath:inst1|exp_register:inst11|Mux5:inst7|Mux:inst1            ; work         ;
;             |Mux:inst2|             ; 1 (1)             ; 0 (0)        ; 0           ; 0            ; 0       ; 0         ; 0         ; 0    ; 0            ; |FinalCircuit|DataPath:inst1|exp_register:inst11|Mux5:inst7|Mux:inst2            ; work         ;
;             |Mux:inst3|             ; 6 (6)             ; 0 (0)        ; 0           ; 0            ; 0       ; 0         ; 0         ; 0    ; 0            ; |FinalCircuit|DataPath:inst1|exp_register:inst11|Mux5:inst7|Mux:inst3            ; work         ;
;             |Mux:inst|              ; 1 (1)             ; 0 (0)        ; 0           ; 0            ; 0       ; 0         ; 0         ; 0    ; 0            ; |FinalCircuit|DataPath:inst1|exp_register:inst11|Mux5:inst7|Mux:inst             ; work         ;
;          |Register5:inst|           ; 0 (0)             ; 4 (4)        ; 0           ; 0            ; 0       ; 0         ; 0         ; 0    ; 0            ; |FinalCircuit|DataPath:inst1|exp_register:inst11|Register5:inst                  ; work         ;
;       |fraction_register:inst5|     ; 11 (4)            ; 8 (8)        ; 0           ; 0            ; 0       ; 0         ; 0         ; 0    ; 0            ; |FinalCircuit|DataPath:inst1|fraction_register:inst5                             ; work         ;
;          |Mux:inst2|                ; 1 (1)             ; 0 (0)        ; 0           ; 0            ; 0       ; 0         ; 0         ; 0    ; 0            ; |FinalCircuit|DataPath:inst1|fraction_register:inst5|Mux:inst2                   ; work         ;
;          |Mux:inst3|                ; 1 (1)             ; 0 (0)        ; 0           ; 0            ; 0       ; 0         ; 0         ; 0    ; 0            ; |FinalCircuit|DataPath:inst1|fraction_register:inst5|Mux:inst3                   ; work         ;
;          |Mux:inst4|                ; 1 (1)             ; 0 (0)        ; 0           ; 0            ; 0       ; 0         ; 0         ; 0    ; 0            ; |FinalCircuit|DataPath:inst1|fraction_register:inst5|Mux:inst4                   ; work         ;
;          |Mux:inst5|                ; 1 (1)             ; 0 (0)        ; 0           ; 0            ; 0       ; 0         ; 0         ; 0    ; 0            ; |FinalCircuit|DataPath:inst1|fraction_register:inst5|Mux:inst5                   ; work         ;
;          |Mux:inst6|                ; 1 (1)             ; 0 (0)        ; 0           ; 0            ; 0       ; 0         ; 0         ; 0    ; 0            ; |FinalCircuit|DataPath:inst1|fraction_register:inst5|Mux:inst6                   ; work         ;
;          |Mux:inst7|                ; 1 (1)             ; 0 (0)        ; 0           ; 0            ; 0       ; 0         ; 0         ; 0    ; 0            ; |FinalCircuit|DataPath:inst1|fraction_register:inst5|Mux:inst7                   ; work         ;
;          |Mux:inst|                 ; 1 (1)             ; 0 (0)        ; 0           ; 0            ; 0       ; 0         ; 0         ; 0    ; 0            ; |FinalCircuit|DataPath:inst1|fraction_register:inst5|Mux:inst                    ; work         ;
+-------------------------------------+-------------------+--------------+-------------+--------------+---------+-----------+-----------+------+--------------+----------------------------------------------------------------------------------+--------------+
Note: For table entries with two numbers listed, the numbers in parentheses indicate the number of resources of the given type used by the specific entity alone. The numbers listed outside of parentheses indicate the total resources of the given type used by the specific entity and all of its sub-entities in the hierarchy.


+------------------------------------------------------+
; General Register Statistics                          ;
+----------------------------------------------+-------+
; Statistic                                    ; Value ;
+----------------------------------------------+-------+
; Total registers                              ; 40    ;
; Number of registers using Synchronous Clear  ; 0     ;
; Number of registers using Synchronous Load   ; 0     ;
; Number of registers using Asynchronous Clear ; 11    ;
; Number of registers using Asynchronous Load  ; 0     ;
; Number of registers using Clock Enable       ; 35    ;
; Number of registers using Preset             ; 0     ;
+----------------------------------------------+-------+


+--------------------------------------------------+
; Inverted Register Statistics                     ;
+----------------------------------------+---------+
; Inverted Register                      ; Fan out ;
+----------------------------------------+---------+
; CONTROL_UNIT:inst|DFF1                 ; 3       ;
; Total number of inverted registers = 1 ;         ;
+----------------------------------------+---------+


+-------------------------------+
; Elapsed Time Per Partition    ;
+----------------+--------------+
; Partition Name ; Elapsed Time ;
+----------------+--------------+
; Top            ; 00:00:00     ;
+----------------+--------------+


+-------------------------------+
; Analysis & Synthesis Messages ;
+-------------------------------+
Info: *******************************************************************
Info: Running Quartus II 64-Bit Analysis & Synthesis
    Info: Version 13.1.0 Build 162 10/23/2013 SJ Web Edition
    Info: Processing started: Sun May 21 11:56:29 2023
Info: Command: quartus_map --read_settings_files=on --write_settings_files=off HW3 -c HW3
Warning (20028): Parallel compilation is not licensed and has been disabled
Info (12021): Found 1 design units, including 1 entities, in source file r_out.bdf
    Info (12023): Found entity 1: R_out
Info (12021): Found 1 design units, including 1 entities, in source file busencoder4.bdf
    Info (12023): Found entity 1: BusEncoder4
Info (12021): Found 1 design units, including 1 entities, in source file busdecoder4.bdf
    Info (12023): Found entity 1: BusDecoder4
Info (12021): Found 1 design units, including 1 entities, in source file r_in.bdf
    Info (12023): Found entity 1: R_in
Info (12021): Found 1 design units, including 1 entities, in source file multiplier4.bdf
    Info (12023): Found entity 1: Multiplier4
Info (12021): Found 1 design units, including 1 entities, in source file adder4.bdf
    Info (12023): Found entity 1: Adder4
Info (12021): Found 1 design units, including 1 entities, in source file fa.bdf
    Info (12023): Found entity 1: FA
Info (12021): Found 1 design units, including 1 entities, in source file expcalculator.bdf
    Info (12023): Found entity 1: expCalculator
Info (12021): Found 1 design units, including 1 entities, in source file register5.bdf
    Info (12023): Found entity 1: Register5
Warning (12090): Entity "Mux" obtained from "Mux.bdf" instead of from Quartus II megafunction library
Info (12021): Found 1 design units, including 1 entities, in source file mux.bdf
    Info (12023): Found entity 1: Mux
Info (12021): Found 1 design units, including 1 entities, in source file mux4.bdf
    Info (12023): Found entity 1: Mux4
Info (12021): Found 1 design units, including 1 entities, in source file exp_register.bdf
    Info (12023): Found entity 1: exp_register
Info (12021): Found 1 design units, including 1 entities, in source file mux5.bdf
    Info (12023): Found entity 1: Mux5
Info (12021): Found 1 design units, including 1 entities, in source file fraction_register.bdf
    Info (12023): Found entity 1: fraction_register
Info (12021): Found 1 design units, including 1 entities, in source file datapath.bdf
    Info (12023): Found entity 1: DataPath
Info (12021): Found 1 design units, including 1 entities, in source file ripple_adder_4bit.bdf
    Info (12023): Found entity 1: Ripple_Adder_4bit
Info (12021): Found 1 design units, including 1 entities, in source file control_unit.bdf
    Info (12023): Found entity 1: CONTROL_UNIT
Info (12021): Found 1 design units, including 1 entities, in source file finalcircuit.bdf
    Info (12023): Found entity 1: FinalCircuit
Info (12127): Elaborating entity "FinalCircuit" for the top level hierarchy
Info (12128): Elaborating entity "DataPath" for hierarchy "DataPath:inst1"
Info (12128): Elaborating entity "fraction_register" for hierarchy "DataPath:inst1|fraction_register:inst5"
Info (12128): Elaborating entity "Mux" for hierarchy "DataPath:inst1|fraction_register:inst5|Mux:inst8"
Info (12128): Elaborating entity "Multiplier4" for hierarchy "DataPath:inst1|Multiplier4:inst4"
Info (12128): Elaborating entity "BusDecoder4" for hierarchy "DataPath:inst1|Multiplier4:inst4|BusDecoder4:inst25"
Info (12128): Elaborating entity "Ripple_Adder_4bit" for hierarchy "DataPath:inst1|Multiplier4:inst4|Ripple_Adder_4bit:inst26"
Info (12128): Elaborating entity "FA" for hierarchy "DataPath:inst1|Multiplier4:inst4|Ripple_Adder_4bit:inst26|FA:inst4"
Info (12128): Elaborating entity "BusEncoder4" for hierarchy "DataPath:inst1|Multiplier4:inst4|BusEncoder4:inst2"
Info (12128): Elaborating entity "R_in" for hierarchy "DataPath:inst1|R_in:inst7"
Info (12128): Elaborating entity "R_out" for hierarchy "DataPath:inst1|R_out:inst2"
Info (12128): Elaborating entity "exp_register" for hierarchy "DataPath:inst1|exp_register:inst11"
Info (12128): Elaborating entity "Register5" for hierarchy "DataPath:inst1|exp_register:inst11|Register5:inst"
Info (12128): Elaborating entity "Mux5" for hierarchy "DataPath:inst1|exp_register:inst11|Mux5:inst7"
Info (12128): Elaborating entity "Adder4" for hierarchy "DataPath:inst1|exp_register:inst11|Adder4:inst1"
Info (12128): Elaborating entity "expCalculator" for hierarchy "DataPath:inst1|expCalculator:inst3"
Info (12128): Elaborating entity "CONTROL_UNIT" for hierarchy "CONTROL_UNIT:inst"
Warning (275009): Pin "E" not connected
Info (13000): Registers with preset signals will power-up high
Info (13003): DEV_CLRn pin will set, and not reset, register with preset signal due to NOT Gate Push-Back
Info (286030): Timing-Driven Synthesis is running
Info (16010): Generating hard_block partition "hard_block:auto_generated_inst"
    Info (16011): Adding 0 node(s), including 0 DDIO, 0 PLL, 0 transceiver and 0 LCELL
Info (21057): Implemented 110 device resources after synthesis - the final resource count might be different
    Info (21058): Implemented 19 input pins
    Info (21059): Implemented 9 output pins
    Info (21061): Implemented 82 logic cells
Info: Quartus II 64-Bit Analysis & Synthesis was successful. 0 errors, 3 warnings
    Info: Peak virtual memory: 4667 megabytes
    Info: Processing ended: Sun May 21 11:56:32 2023
    Info: Elapsed time: 00:00:03
    Info: Total CPU time (on all processors): 00:00:02


